2025-12-23 15:15:37,702 - INFO - HTTP Request: GET http://127.0.0.1:7860/gradio_api/startup-events "HTTP/1.1 200 OK"
2025-12-23 15:15:37,725 - INFO - HTTP Request: HEAD http://127.0.0.1:7860/ "HTTP/1.1 200 OK"
2025-12-23 15:15:38,733 - INFO - HTTP Request: GET https://api.gradio.app/pkg-version "HTTP/1.1 200 OK"
2025-12-23 15:16:03,263 - INFO - Initializing ImageProcessor...
2025-12-23 15:16:08,456 - INFO - ImageProcessor initialized successfully.
2025-12-23 15:16:08,456 - INFO - Initializing VectorDB...
2025-12-23 15:16:08,503 - INFO - Anonymized telemetry enabled. See                     https://docs.trychroma.com/telemetry for more information.
2025-12-23 15:16:08,587 - INFO - VectorDB initialized successfully.
2025-12-23 15:16:08,587 - INFO - Found 303 images to process in D:\image_python\images
2025-12-23 15:19:38,446 - INFO - Indexing complete. Indexed 303 images.
2025-12-23 15:19:38,503 - INFO - Found 303 images to process in D:\image_python\images
2025-12-23 15:23:09,494 - INFO - Indexing complete. Indexed 303 images.
2025-12-23 15:25:22,146 - INFO - HTTP Request: GET http://127.0.0.1:7860/gradio_api/startup-events "HTTP/1.1 200 OK"
2025-12-23 15:25:22,162 - INFO - HTTP Request: HEAD http://127.0.0.1:7860/ "HTTP/1.1 200 OK"
2025-12-23 15:25:25,073 - INFO - HTTP Request: GET https://api.gradio.app/pkg-version "HTTP/1.1 200 OK"
2025-12-23 15:25:32,425 - INFO - Initializing ImageProcessor...
2025-12-23 15:25:40,333 - INFO - ImageProcessor initialized successfully.
2025-12-23 15:25:40,333 - INFO - Initializing VectorDB...
2025-12-23 15:25:40,399 - INFO - Anonymized telemetry enabled. See                     https://docs.trychroma.com/telemetry for more information.
2025-12-23 15:25:40,537 - INFO - VectorDB initialized successfully.
2025-12-23 15:25:43,336 - INFO - Found 303 images to process in D:\image_python\images
2025-12-23 15:29:21,141 - INFO - Indexing complete. Indexed 303 images.
2025-12-23 15:31:31,066 - INFO - HTTP Request: GET http://127.0.0.1:7860/gradio_api/startup-events "HTTP/1.1 200 OK"
2025-12-23 15:31:31,086 - INFO - HTTP Request: HEAD http://127.0.0.1:7860/ "HTTP/1.1 200 OK"
2025-12-23 15:31:32,259 - INFO - HTTP Request: GET https://api.gradio.app/pkg-version "HTTP/1.1 200 OK"
2025-12-23 15:31:39,425 - INFO - Initializing ImageProcessor...
2025-12-23 15:31:47,331 - INFO - ImageProcessor initialized successfully.
2025-12-23 15:31:47,331 - INFO - Initializing VectorDB...
2025-12-23 15:31:47,404 - INFO - Anonymized telemetry enabled. See                     https://docs.trychroma.com/telemetry for more information.
2025-12-23 15:31:47,566 - INFO - VectorDB initialized successfully.
2025-12-23 15:31:47,567 - INFO - Found 303 images to process in D:\image_python\images
2025-12-23 15:35:30,610 - INFO - Indexing complete. Indexed 303 images.
2025-12-23 15:43:44,182 - INFO - HTTP Request: GET http://127.0.0.1:7860/gradio_api/startup-events "HTTP/1.1 200 OK"
2025-12-23 15:43:44,199 - INFO - HTTP Request: HEAD http://127.0.0.1:7860/ "HTTP/1.1 200 OK"
2025-12-23 15:43:45,588 - INFO - HTTP Request: GET https://api.gradio.app/pkg-version "HTTP/1.1 200 OK"
2025-12-23 15:43:57,044 - INFO - Initializing ImageProcessor...
2025-12-23 15:44:03,451 - INFO - ImageProcessor initialized successfully.
2025-12-23 15:44:03,451 - INFO - Initializing VectorDB...
2025-12-23 15:44:03,501 - INFO - Anonymized telemetry enabled. See                     https://docs.trychroma.com/telemetry for more information.
2025-12-23 15:44:03,585 - INFO - VectorDB initialized successfully.
2025-12-23 15:44:03,585 - INFO - Found 303 images to process in D:\image_python\images
2025-12-23 15:46:31,061 - INFO - Indexing complete. Indexed 303 images.
2025-12-23 15:51:36,113 - INFO - HTTP Request: GET http://127.0.0.1:7860/gradio_api/startup-events "HTTP/1.1 200 OK"
2025-12-23 15:51:36,134 - INFO - HTTP Request: HEAD http://127.0.0.1:7860/ "HTTP/1.1 200 OK"
2025-12-23 15:51:37,774 - INFO - HTTP Request: GET https://api.gradio.app/pkg-version "HTTP/1.1 200 OK"
2025-12-23 15:51:54,905 - INFO - Initializing ImageProcessor...
2025-12-23 15:51:54,906 - INFO - Loading CLIP model on cpu...
2025-12-23 15:52:00,270 - INFO - ImageProcessor initialized successfully.
2025-12-23 15:52:00,270 - INFO - Initializing VectorDB...
2025-12-23 15:52:00,271 - INFO - Connecting to ChromaDB at d:/image_python/chroma_db...
2025-12-23 15:52:00,302 - INFO - Anonymized telemetry enabled. See                     https://docs.trychroma.com/telemetry for more information.
2025-12-23 15:52:00,379 - INFO - VectorDB initialized successfully.
2025-12-23 15:52:00,380 - INFO - Found 303 images to process in D:\image_python\images
2025-12-23 15:52:24,475 - INFO - Adding batch of 50 images to database.
2025-12-23 15:52:48,486 - INFO - Adding batch of 50 images to database.
2025-12-23 15:53:12,116 - INFO - Adding batch of 50 images to database.
2025-12-23 15:53:36,347 - INFO - Adding batch of 50 images to database.
2025-12-23 15:53:59,849 - INFO - Adding batch of 50 images to database.
2025-12-23 15:54:23,705 - INFO - Adding batch of 50 images to database.
2025-12-23 15:54:25,073 - INFO - Adding batch of 3 images to database.
2025-12-23 15:54:25,102 - INFO - Indexing complete. Indexed 303 images.
2025-12-23 16:04:36,478 - INFO - HTTP Request: GET http://127.0.0.1:7860/gradio_api/startup-events "HTTP/1.1 200 OK"
2025-12-23 16:04:36,498 - INFO - HTTP Request: HEAD http://127.0.0.1:7860/ "HTTP/1.1 200 OK"
2025-12-23 16:04:37,606 - INFO - HTTP Request: GET https://api.gradio.app/pkg-version "HTTP/1.1 200 OK"
2025-12-23 16:04:52,043 - INFO - Initializing ImageProcessor...
2025-12-23 16:04:52,043 - INFO - Loading CLIP model on cpu...
2025-12-23 16:04:58,028 - INFO - ImageProcessor initialized successfully.
2025-12-23 16:04:58,028 - INFO - Initializing VectorDB...
2025-12-23 16:04:58,028 - INFO - Connecting to ChromaDB at d:/image_python/chroma_db...
2025-12-23 16:04:58,063 - INFO - Anonymized telemetry enabled. See                     https://docs.trychroma.com/telemetry for more information.
2025-12-23 16:04:58,146 - INFO - VectorDB initialized successfully.
2025-12-23 16:04:58,146 - INFO - Found 303 images to process in D:\image_python\images
2025-12-23 16:05:19,245 - INFO - Adding batch of 50 images to database.
2025-12-23 16:05:41,465 - INFO - Adding batch of 50 images to database.
2025-12-23 16:06:15,178 - INFO - HTTP Request: GET http://127.0.0.1:7860/gradio_api/startup-events "HTTP/1.1 200 OK"
2025-12-23 16:06:15,194 - INFO - HTTP Request: HEAD http://127.0.0.1:7860/ "HTTP/1.1 200 OK"
2025-12-23 16:06:16,331 - INFO - HTTP Request: GET https://api.gradio.app/pkg-version "HTTP/1.1 200 OK"
2025-12-23 16:06:28,076 - INFO - Initializing ImageProcessor...
2025-12-23 16:06:28,076 - INFO - Loading CLIP model on cpu...
2025-12-23 16:06:33,754 - INFO - ImageProcessor initialized successfully.
2025-12-23 16:06:33,754 - INFO - Initializing VectorDB...
2025-12-23 16:06:33,754 - INFO - Connecting to ChromaDB at d:/image_python/chroma_db...
2025-12-23 16:06:33,784 - INFO - Anonymized telemetry enabled. See                     https://docs.trychroma.com/telemetry for more information.
2025-12-23 16:06:33,864 - INFO - VectorDB initialized successfully.
2025-12-23 16:06:33,864 - INFO - Found 303 images to process in D:\image_python\images
2025-12-23 16:06:57,466 - INFO - Adding batch of 50 images to database.
2025-12-23 16:07:21,807 - INFO - Adding batch of 50 images to database.
2025-12-23 16:07:45,091 - INFO - Adding batch of 50 images to database.
2025-12-23 16:08:09,280 - INFO - Adding batch of 50 images to database.
2025-12-23 16:08:33,360 - INFO - Adding batch of 50 images to database.
2025-12-23 16:08:56,941 - INFO - Adding batch of 50 images to database.
2025-12-23 16:08:58,375 - INFO - Adding batch of 3 images to database.
2025-12-23 16:08:58,385 - INFO - Indexing complete. Indexed 303 images.
2025-12-23 16:12:54,509 - INFO - HTTP Request: GET http://127.0.0.1:7860/gradio_api/startup-events "HTTP/1.1 200 OK"
2025-12-23 16:12:54,533 - INFO - HTTP Request: HEAD http://127.0.0.1:7860/ "HTTP/1.1 200 OK"
2025-12-23 16:12:55,582 - INFO - HTTP Request: GET https://api.gradio.app/pkg-version "HTTP/1.1 200 OK"
2025-12-23 16:13:08,950 - INFO - Initializing ImageProcessor...
2025-12-23 16:13:08,950 - INFO - Loading CLIP model on cpu...
2025-12-23 16:13:14,623 - INFO - ImageProcessor initialized successfully.
2025-12-23 16:13:14,623 - INFO - Initializing VectorDB...
2025-12-23 16:13:14,623 - INFO - Connecting to ChromaDB at d:/image_python/chroma_db...
2025-12-23 16:13:14,656 - INFO - Anonymized telemetry enabled. See                     https://docs.trychroma.com/telemetry for more information.
2025-12-23 16:13:14,737 - INFO - VectorDB initialized successfully.
2025-12-23 16:13:14,737 - INFO - Found 303 images to process in D:\image_python\images
2025-12-23 16:13:39,076 - INFO - Adding batch of 50 images to database.
2025-12-23 16:14:02,486 - INFO - Adding batch of 50 images to database.
2025-12-23 16:14:25,575 - INFO - Adding batch of 50 images to database.
2025-12-23 16:14:49,514 - INFO - Adding batch of 50 images to database.
2025-12-23 16:15:13,246 - INFO - Adding batch of 50 images to database.
2025-12-23 16:15:37,436 - INFO - Adding batch of 50 images to database.
2025-12-23 16:15:38,937 - INFO - Adding batch of 3 images to database.
2025-12-23 16:15:38,956 - INFO - Indexing complete. Indexed 303 images.
2025-12-26 17:15:35,857 - INFO - HTTP Request: GET http://127.0.0.1:7860/gradio_api/startup-events "HTTP/1.1 200 OK"
2025-12-26 17:15:36,094 - INFO - HTTP Request: HEAD http://127.0.0.1:7860/ "HTTP/1.1 200 OK"
2025-12-26 17:15:36,486 - INFO - HTTP Request: GET https://api.gradio.app/pkg-version "HTTP/1.1 200 OK"
2025-12-26 17:15:54,331 - INFO - HTTP Request: GET http://127.0.0.1:7860/gradio_api/startup-events "HTTP/1.1 200 OK"
2025-12-26 17:15:54,363 - INFO - HTTP Request: HEAD http://127.0.0.1:7860/ "HTTP/1.1 200 OK"
2025-12-26 17:15:54,742 - INFO - HTTP Request: GET https://api.gradio.app/pkg-version "HTTP/1.1 200 OK"
2025-12-26 17:16:23,135 - INFO - Initializing ImageProcessor...
2025-12-26 17:16:23,137 - INFO - Loading CLIP model on cpu...
2025-12-26 17:16:31,374 - INFO - ImageProcessor initialized successfully.
2025-12-26 17:16:31,376 - INFO - Initializing VectorDB...
2025-12-26 17:16:31,377 - INFO - Connecting to ChromaDB at d:/image_python/chroma_db...
2025-12-26 17:16:31,986 - INFO - Anonymized telemetry enabled. See                     https://docs.trychroma.com/telemetry for more information.
2025-12-26 17:16:32,274 - INFO - VectorDB initialized successfully.
2025-12-26 17:16:32,274 - INFO - Found 303 images to process in D:\image_python\images
2025-12-26 17:17:01,577 - INFO - Adding batch of 50 images to database.
2025-12-26 17:17:30,538 - INFO - Adding batch of 50 images to database.
2025-12-26 17:17:59,073 - INFO - Adding batch of 50 images to database.
2025-12-26 17:18:27,863 - INFO - Adding batch of 50 images to database.
2025-12-26 17:18:56,964 - INFO - Adding batch of 50 images to database.
2025-12-26 17:19:25,379 - INFO - Adding batch of 50 images to database.
2025-12-26 17:19:27,038 - INFO - Adding batch of 3 images to database.
2025-12-26 17:19:27,074 - INFO - Indexing complete. Indexed 303 images.
2025-12-26 17:25:10,313 - INFO - HTTP Request: GET http://127.0.0.1:7860/gradio_api/startup-events "HTTP/1.1 200 OK"
2025-12-26 17:25:10,335 - INFO - HTTP Request: HEAD http://127.0.0.1:7860/ "HTTP/1.1 200 OK"
2025-12-26 17:25:11,156 - INFO - HTTP Request: GET https://api.gradio.app/pkg-version "HTTP/1.1 200 OK"
2025-12-26 17:25:24,567 - INFO - Initializing ImageProcessor...
2025-12-26 17:25:24,567 - INFO - Loading CLIP model on cpu...
2025-12-26 17:25:32,194 - INFO - ImageProcessor initialized successfully.
2025-12-26 17:25:32,196 - INFO - Initializing VectorDB...
2025-12-26 17:25:32,196 - INFO - Connecting to ChromaDB at d:/image_python/chroma_db...
2025-12-26 17:25:32,283 - INFO - Anonymized telemetry enabled. See                     https://docs.trychroma.com/telemetry for more information.
2025-12-26 17:25:32,438 - INFO - VectorDB initialized successfully.
2025-12-26 17:25:32,438 - INFO - Found 303 images to process in D:\image_python\images
2025-12-26 17:26:01,479 - INFO - Adding batch of 50 images to database.
2025-12-26 17:26:30,138 - INFO - Adding batch of 50 images to database.
2025-12-26 17:26:59,992 - INFO - Adding batch of 50 images to database.
2025-12-26 17:27:27,108 - INFO - Adding batch of 50 images to database.
2025-12-26 17:27:54,407 - INFO - Adding batch of 50 images to database.
2025-12-26 17:28:21,571 - INFO - Adding batch of 50 images to database.
2025-12-26 17:28:23,311 - INFO - Adding batch of 3 images to database.
2025-12-26 17:28:23,351 - INFO - Indexing complete. Indexed 303 images.
2025-12-26 17:33:44,622 - INFO - HTTP Request: GET http://127.0.0.1:7860/gradio_api/startup-events "HTTP/1.1 200 OK"
2025-12-26 17:33:44,659 - INFO - HTTP Request: HEAD http://127.0.0.1:7860/ "HTTP/1.1 200 OK"
2025-12-26 17:33:45,306 - INFO - HTTP Request: GET https://api.gradio.app/pkg-version "HTTP/1.1 200 OK"
2025-12-26 17:36:32,686 - INFO - Initializing ImageProcessor...
2025-12-26 17:36:32,688 - INFO - Loading CLIP model on cpu...
2025-12-26 17:36:39,540 - INFO - ImageProcessor initialized successfully.
2025-12-26 17:36:39,540 - INFO - Initializing VectorDB...
2025-12-26 17:36:39,540 - INFO - Connecting to ChromaDB at d:/image_python/chroma_db...
2025-12-26 17:36:39,627 - INFO - Anonymized telemetry enabled. See                     https://docs.trychroma.com/telemetry for more information.
2025-12-26 17:36:39,783 - INFO - VectorDB initialized successfully.
2025-12-26 17:36:39,784 - INFO - Found 303 images to process in D:\image_python\images
2025-12-26 17:37:08,488 - INFO - Adding batch of 50 images to database.
2025-12-26 17:37:35,438 - INFO - Adding batch of 50 images to database.
2025-12-26 17:38:06,694 - INFO - Adding batch of 50 images to database.
2025-12-26 17:38:38,685 - INFO - Adding batch of 50 images to database.
2025-12-26 17:39:09,572 - INFO - Adding batch of 50 images to database.
2025-12-26 17:39:41,496 - INFO - Adding batch of 50 images to database.
2025-12-26 17:39:43,305 - INFO - Adding batch of 3 images to database.
2025-12-26 17:39:43,332 - INFO - Indexing complete. Indexed 303 images.
2026-01-12 08:02:01,876 - INFO - HTTP Request: GET http://127.0.0.1:7860/gradio_api/startup-events "HTTP/1.1 200 OK"
2026-01-12 08:02:01,880 - INFO - HTTP Request: GET https://api.gradio.app/pkg-version "HTTP/1.1 200 OK"
2026-01-12 08:02:02,088 - INFO - HTTP Request: HEAD http://127.0.0.1:7860/ "HTTP/1.1 200 OK"
2026-01-12 08:03:03,441 - INFO - Initializing ImageProcessor...
2026-01-12 08:03:03,441 - INFO - Loading CLIP model on cpu...
2026-01-12 08:03:11,147 - INFO - ImageProcessor initialized successfully.
2026-01-12 08:03:11,148 - INFO - Initializing VectorDB...
2026-01-12 08:03:11,148 - INFO - Connecting to ChromaDB at d:/image_python/chroma_db...
2026-01-12 08:03:11,753 - INFO - Anonymized telemetry enabled. See                     https://docs.trychroma.com/telemetry for more information.
2026-01-12 08:03:12,095 - INFO - VectorDB initialized successfully.
2026-01-12 08:04:43,337 - INFO - HTTP Request: GET http://127.0.0.1:7860/gradio_api/startup-events "HTTP/1.1 200 OK"
2026-01-12 08:04:43,384 - INFO - HTTP Request: HEAD http://127.0.0.1:7860/ "HTTP/1.1 200 OK"
2026-01-12 08:04:43,930 - INFO - HTTP Request: GET https://api.gradio.app/pkg-version "HTTP/1.1 200 OK"
2026-01-12 08:04:52,299 - INFO - Initializing ImageProcessor...
2026-01-12 08:04:52,299 - INFO - Loading CLIP model on cpu...
2026-01-12 08:04:58,389 - INFO - ImageProcessor initialized successfully.
2026-01-12 08:04:58,389 - INFO - Initializing VectorDB...
2026-01-12 08:04:58,389 - INFO - Connecting to ChromaDB at d:/image_python/chroma_db...
2026-01-12 08:04:58,487 - INFO - Anonymized telemetry enabled. See                     https://docs.trychroma.com/telemetry for more information.
2026-01-12 08:04:58,653 - INFO - VectorDB initialized successfully.
2026-01-12 08:08:27,490 - INFO - HTTP Request: GET http://127.0.0.1:7860/gradio_api/startup-events "HTTP/1.1 200 OK"
2026-01-12 08:08:27,510 - INFO - HTTP Request: HEAD http://127.0.0.1:7860/ "HTTP/1.1 200 OK"
2026-01-12 08:08:28,351 - INFO - HTTP Request: GET https://api.gradio.app/pkg-version "HTTP/1.1 200 OK"
2026-01-12 08:08:35,079 - INFO - Initializing ImageProcessor...
2026-01-12 08:08:35,081 - INFO - Loading CLIP model on cpu...
2026-01-12 08:08:41,461 - INFO - ImageProcessor initialized successfully.
2026-01-12 08:08:41,462 - INFO - Initializing VectorDB...
2026-01-12 08:08:41,463 - INFO - Connecting to ChromaDB at d:/image_python/chroma_db...
2026-01-12 08:08:41,520 - INFO - Anonymized telemetry enabled. See                     https://docs.trychroma.com/telemetry for more information.
2026-01-12 08:08:41,673 - INFO - VectorDB initialized successfully.
2026-01-12 08:14:55,850 - INFO - HTTP Request: GET http://127.0.0.1:7860/gradio_api/startup-events "HTTP/1.1 200 OK"
2026-01-12 08:14:55,872 - INFO - HTTP Request: HEAD http://127.0.0.1:7860/ "HTTP/1.1 200 OK"
2026-01-12 08:14:56,674 - INFO - HTTP Request: GET https://api.gradio.app/pkg-version "HTTP/1.1 200 OK"
2026-01-12 08:15:06,533 - INFO - Initializing ImageProcessor...
2026-01-12 08:15:06,534 - INFO - Loading CLIP model on cpu...
2026-01-12 08:15:12,536 - INFO - ImageProcessor initialized successfully.
2026-01-12 08:15:12,538 - INFO - Initializing VectorDB...
2026-01-12 08:15:12,538 - INFO - Connecting to ChromaDB at d:/image_python/chroma_db...
2026-01-12 08:15:12,607 - INFO - Anonymized telemetry enabled. See                     https://docs.trychroma.com/telemetry for more information.
2026-01-12 08:15:12,763 - INFO - VectorDB initialized successfully.
2026-01-12 08:15:12,839 - INFO - Found 303 new images to process out of 303 total.
2026-01-12 08:15:33,124 - INFO - Adding batch of 32 images to database.
2026-01-12 08:15:50,966 - INFO - Adding batch of 32 images to database.
2026-01-12 08:16:08,691 - INFO - Adding batch of 32 images to database.
2026-01-12 08:16:26,644 - INFO - Adding batch of 32 images to database.
2026-01-12 08:16:44,471 - INFO - Adding batch of 32 images to database.
2026-01-12 08:17:02,496 - INFO - Adding batch of 32 images to database.
2026-01-12 08:17:21,077 - INFO - Adding batch of 32 images to database.
2026-01-12 08:17:39,442 - INFO - Adding batch of 32 images to database.
2026-01-12 08:17:57,837 - INFO - Adding batch of 32 images to database.
2026-01-12 08:18:06,960 - INFO - Adding batch of 15 images to database.
2026-01-12 08:18:07,005 - INFO - Indexing complete. Added 303 new images.
2026-01-12 08:29:34,479 - INFO - HTTP Request: GET http://127.0.0.1:7860/gradio_api/startup-events "HTTP/1.1 200 OK"
2026-01-12 08:29:34,506 - INFO - HTTP Request: HEAD http://127.0.0.1:7860/ "HTTP/1.1 200 OK"
2026-01-12 08:29:35,061 - INFO - HTTP Request: GET https://api.gradio.app/pkg-version "HTTP/1.1 200 OK"
2026-01-12 08:29:40,492 - INFO - Initializing ImageProcessor...
2026-01-12 08:29:40,493 - INFO - Loading CLIP model on cpu...
2026-01-12 08:29:46,213 - INFO - ImageProcessor initialized successfully.
2026-01-12 08:29:46,214 - INFO - Initializing VectorDB...
2026-01-12 08:29:46,214 - INFO - Connecting to ChromaDB at d:/image_python/chroma_db...
2026-01-12 08:29:46,266 - INFO - Anonymized telemetry enabled. See                     https://docs.trychroma.com/telemetry for more information.
2026-01-12 08:29:46,393 - INFO - VectorDB initialized successfully.
